2026-04-02 15:13:44,118-INFO-*********** Logged ***********
2026-04-02 15:13:56,212-INFO-*********** Logged ***********
2026-04-02 15:14:15,369-INFO-*********** Logged ***********
2026-04-02 15:18:32,427-INFO-*********** Logged ***********
2026-04-02 15:19:48,965-INFO-Project started
2026-04-02 15:38:48,180-INFO-Log File Created
2026-04-02 15:38:48,507-INFO-Log File Created
2026-04-02 15:49:19,066-INFO-Log File Created
2026-04-02 15:49:45,959-INFO-Log File Created
2026-04-02 15:52:23,166-INFO-Log File Created
2026-04-02 15:53:04,006-INFO-Log File Created
2026-04-02 17:12:32,613-INFO-Log File Created
2026-04-02 17:13:56,848-INFO-Log File Created
2026-04-02 17:14:27,329-INFO-Log File Created
2026-04-02 17:14:47,488-INFO-Log File Created
2026-04-02 17:15:07,489-INFO-Log File Created
2026-04-02 17:32:47,264-INFO-Log File Created
2026-04-02 17:57:01,128-INFO-Log File Created
2026-04-02 17:59:26,888-INFO-Log File Created
2026-04-02 18:01:37,834-INFO-Log File Created
2026-04-02 18:01:44,145-INFO-Log File Created
2026-04-02 18:23:59,367-INFO-Log File Created
2026-04-02 18:23:59,645-INFO-europe_sales.csv loaded successfully in 0.00 minutes
2026-04-02 18:23:59,764-INFO-raw_europe_sales.csv loaded successfully in 0.00 minutes
2026-04-02 18:40:04,624-INFO-Log File Created
2026-04-02 18:40:04,846-INFO-europe_sales.csv loaded successfully in 0.00 minutes
2026-04-02 18:40:04,989-INFO-raw_europe_sales.csv loaded successfully in 0.00 minutes
